<?xml version="1.0" encoding="UTF-8"?>
<!-- Generated by org.testng.reporters.JUnitReportReporter -->
<testsuite skipped="0" hostname="iblwdvamitku" name="TestProject.Testing.NewTest" tests="1" failures="0" timestamp="06 Nov 2018 10:37:58 GMT" time="16.785" errors="0">
  <testcase name="openMyBlog" time="16.785" classname="TestProject.Testing.NewTest"/>
</testsuite> <!-- TestProject.Testing.NewTest -->
